<?xml version="1.0" encoding="UTF-8"?>
<testng-results skipped="0" failed="0" ignored="0" total="2" passed="2">
  <reporter-output>
  </reporter-output>
  <suite name="Suite" duration-ms="7700" started-at="2017-07-13T16:56:20Z" finished-at="2017-07-13T16:56:28Z">
    <groups>
    </groups>
    <test name="Test" duration-ms="7700" started-at="2017-07-13T16:56:20Z" finished-at="2017-07-13T16:56:28Z">
      <class name="examples.SeleniumTest">
        <test-method status="PASS" signature="beforeMethod()[pri:0, instance:examples.SeleniumTest@6bf256fa]" name="beforeMethod" is-config="true" duration-ms="2834" started-at="2017-07-13T12:56:20Z" finished-at="2017-07-13T12:56:23Z">
          <reporter-output>
          </reporter-output>
        </test-method> <!-- beforeMethod -->
        <test-method status="PASS" signature="f()[pri:0, instance:examples.SeleniumTest@6bf256fa]" name="f" duration-ms="4081" started-at="2017-07-13T12:56:23Z" finished-at="2017-07-13T12:56:27Z">
          <reporter-output>
          </reporter-output>
        </test-method> <!-- f -->
        <test-method status="PASS" signature="afterMethod()[pri:0, instance:examples.SeleniumTest@6bf256fa]" name="afterMethod" is-config="true" duration-ms="751" started-at="2017-07-13T12:56:27Z" finished-at="2017-07-13T12:56:28Z">
          <reporter-output>
          </reporter-output>
        </test-method> <!-- afterMethod -->
      </class> <!-- examples.SeleniumTest -->
      <class name="examples.NewTest">
        <test-method status="PASS" signature="f()[pri:0, instance:examples.NewTest@1554909b]" name="f" duration-ms="7" started-at="2017-07-13T12:56:20Z" finished-at="2017-07-13T12:56:20Z">
          <reporter-output>
          </reporter-output>
        </test-method> <!-- f -->
      </class> <!-- examples.NewTest -->
    </test> <!-- Test -->
  </suite> <!-- Suite -->
</testng-results>
