<?xml version="1.0" encoding="UTF-8"?>
<testng-results skipped="0" failed="0" ignored="0" total="1" passed="1">
  <reporter-output>
  </reporter-output>
  <suite name="Suite" duration-ms="16" started-at="2017-10-05T17:26:08Z" finished-at="2017-10-05T17:26:08Z">
    <groups>
    </groups>
    <test name="Test" duration-ms="16" started-at="2017-10-05T17:26:08Z" finished-at="2017-10-05T17:26:08Z">
      <class name="examples.NewTest">
        <test-method status="PASS" signature="f()[pri:0, instance:examples.NewTest@17c68925]" name="f" duration-ms="0" started-at="2017-10-05T13:26:08Z" finished-at="2017-10-05T13:26:08Z">
          <reporter-output>
          </reporter-output>
        </test-method> <!-- f -->
      </class> <!-- examples.NewTest -->
    </test> <!-- Test -->
  </suite> <!-- Suite -->
</testng-results>
